TN:
SF:src/modules/appointmets/services/CreateAppointmentServices.ts
FN:16,(anonymous_18)
FN:17,CreateAppointmentServices
FN:28,(anonymous_20)
FNF:3
FNH:3
FNDA:1,(anonymous_18)
FNDA:5,CreateAppointmentServices
FNDA:7,(anonymous_20)
DA:1,1
DA:2,1
DA:5,1
DA:16,1
DA:19,5
DA:22,5
DA:25,5
DA:28,1
DA:29,7
DA:30,7
DA:31,7
DA:33,7
DA:36,7
DA:37,3
DA:40,4
DA:41,1
DA:44,3
DA:48,3
DA:49,0
DA:52,3
DA:53,1
DA:58,2
DA:64,2
DA:66,4
DA:71,2
DA:76,4
DA:78,2
DA:80,1
DA:82,1
LF:29
LH:28
BRDA:36,0,0,3
BRDA:36,0,1,4
BRDA:40,1,0,1
BRDA:40,1,1,3
BRDA:48,2,0,0
BRDA:48,2,1,3
BRDA:52,3,0,1
BRDA:52,3,1,2
BRDA:52,4,0,3
BRDA:52,4,1,2
BRF:10
BRH:9
end_of_record
TN:
SF:src/modules/appointmets/services/ListProviderAppointmentsServices.ts
FN:16,(anonymous_17)
FN:17,ListProviderAppointmentsServices
FN:24,(anonymous_19)
FNF:3
FNH:3
FNDA:1,(anonymous_17)
FNDA:1,ListProviderAppointmentsServices
FNDA:1,(anonymous_19)
DA:1,1
DA:2,1
DA:16,1
DA:19,1
DA:21,1
DA:24,1
DA:25,1
DA:26,1
DA:27,1
DA:28,1
DA:30,1
DA:32,1
DA:36,1
DA:37,1
DA:44,2
DA:47,1
DA:49,1
DA:51,1
LF:18
LH:18
BRDA:47,0,0,1
BRDA:36,1,0,0
BRDA:36,1,1,1
BRF:3
BRH:2
end_of_record
TN:
SF:src/modules/appointmets/services/ListProviderServices.ts
FN:11,(anonymous_17)
FN:12,ListProviderServices
FN:19,(anonymous_19)
FNF:3
FNH:3
FNDA:1,(anonymous_17)
FNDA:1,ListProviderServices
FNDA:1,(anonymous_19)
DA:3,1
DA:11,1
DA:14,1
DA:16,1
DA:19,1
DA:20,1
DA:24,1
DA:25,1
DA:29,2
DA:32,1
DA:34,1
DA:36,1
LF:12
LH:12
BRDA:20,0,0,1
BRDA:20,0,1,1
BRDA:24,1,0,0
BRDA:24,1,1,1
BRF:4
BRH:3
end_of_record
TN:
SF:src/modules/appointmets/services/ListProvidersDayAvailabilityServices.ts
FN:18,(anonymous_17)
FN:19,ListProvidersDayAvailabilityServices
FN:24,(anonymous_19)
FN:42,(anonymous_22)
FN:46,(anonymous_23)
FN:48,(anonymous_24)
FNF:6
FNH:6
FNDA:1,(anonymous_17)
FNDA:2,ListProvidersDayAvailabilityServices
FNDA:2,(anonymous_19)
FNDA:20,(anonymous_22)
FNDA:20,(anonymous_23)
FNDA:38,(anonymous_24)
DA:1,1
DA:2,1
DA:4,1
DA:18,1
DA:21,2
DA:24,1
DA:25,2
DA:26,2
DA:27,2
DA:28,2
DA:30,2
DA:39,2
DA:40,2
DA:42,20
DA:45,2
DA:46,2
DA:47,20
DA:48,38
DA:51,20
DA:53,20
DA:59,2
DA:61,1
DA:63,1
LF:23
LH:23
BRDA:30,0,0,2
BRDA:55,1,0,20
BRDA:55,1,1,16
BRF:3
BRH:3
end_of_record
TN:
SF:src/modules/appointmets/services/ListProvidersMonthAvailabilityServices.ts
FN:19,(anonymous_17)
FN:20,ListProvidersMonthAvailabilityServices
FN:25,(anonymous_19)
FN:41,(anonymous_22)
FN:44,(anonymous_23)
FN:45,(anonymous_24)
FNF:6
FNH:6
FNDA:1,(anonymous_17)
FNDA:1,ListProvidersMonthAvailabilityServices
FNDA:1,(anonymous_19)
FNDA:31,(anonymous_22)
FNDA:31,(anonymous_23)
FNDA:341,(anonymous_24)
DA:1,1
DA:4,1
DA:6,1
DA:19,1
DA:22,1
DA:25,1
DA:26,1
DA:27,1
DA:28,1
DA:30,1
DA:38,1
DA:39,1
DA:41,31
DA:44,1
DA:45,31
DA:46,341
DA:49,31
DA:55,1
DA:57,1
DA:59,1
LF:20
LH:20
BRDA:30,0,0,1
BRF:1
BRH:1
end_of_record
TN:
SF:src/modules/users/services/AuthenticateService.ts
FN:20,(anonymous_18)
FN:21,AuthenticateUserService
FN:29,(anonymous_20)
FNF:3
FNH:3
FNDA:1,(anonymous_18)
FNDA:3,AuthenticateUserService
FNDA:3,(anonymous_20)
DA:1,1
DA:2,1
DA:3,1
DA:6,1
DA:20,1
DA:23,3
DA:26,3
DA:29,3
DA:30,3
DA:31,3
DA:32,1
DA:35,2
DA:39,2
DA:40,1
DA:43,1
DA:46,1
DA:51,1
DA:56,1
DA:58,1
LF:19
LH:19
BRDA:30,0,0,3
BRDA:31,1,0,1
BRDA:31,1,1,2
BRDA:39,2,0,1
BRDA:39,2,1,1
BRF:5
BRH:5
end_of_record
TN:
SF:src/modules/users/services/CreateUserServices.ts
FN:15,(anonymous_18)
FN:16,CreateUserServices
FN:25,(anonymous_20)
FNF:3
FNH:3
FNDA:1,(anonymous_18)
FNDA:2,CreateUserServices
FNDA:3,(anonymous_20)
DA:3,1
DA:4,1
DA:15,1
DA:17,2
DA:19,2
DA:22,2
DA:25,3
DA:26,3
DA:28,3
DA:29,1
DA:32,2
DA:34,2
DA:40,4
DA:42,2
DA:44,1
DA:46,1
LF:16
LH:16
BRDA:26,0,0,3
BRDA:28,1,0,1
BRDA:28,1,1,2
BRF:3
BRH:3
end_of_record
TN:
SF:src/modules/users/services/ResetPasswordService.ts
FN:14,(anonymous_18)
FN:15,ResetPasswordService
FN:25,(anonymous_20)
FNF:3
FNH:3
FNDA:1,(anonymous_18)
FNDA:4,ResetPasswordService
FNDA:4,(anonymous_20)
DA:2,1
DA:4,1
DA:5,1
DA:14,1
DA:16,4
DA:19,4
DA:22,4
DA:25,4
DA:26,4
DA:27,4
DA:28,1
DA:30,3
DA:32,3
DA:33,1
DA:36,2
DA:37,2
DA:39,2
DA:40,1
DA:43,1
DA:45,2
DA:47,1
DA:49,1
LF:22
LH:22
BRDA:26,0,0,4
BRDA:27,1,0,1
BRDA:27,1,1,3
BRDA:32,2,0,1
BRDA:32,2,1,2
BRDA:39,3,0,1
BRDA:39,3,1,1
BRF:7
BRH:7
end_of_record
TN:
SF:src/modules/users/services/SendForgotPasswordEmailServices.ts
FN:14,(anonymous_18)
FN:15,SendForgotPasswordEmailServices
FN:24,(anonymous_20)
FNF:3
FNH:3
FNDA:1,(anonymous_18)
FNDA:3,SendForgotPasswordEmailServices
FNDA:3,(anonymous_20)
DA:3,1
DA:5,1
DA:7,1
DA:14,1
DA:16,3
DA:18,3
DA:21,3
DA:24,3
DA:25,3
DA:27,3
DA:28,1
DA:31,2
DA:32,2
DA:39,4
DA:54,1
DA:56,1
LF:16
LH:16
BRDA:25,0,0,3
BRDA:27,1,0,1
BRDA:27,1,1,2
BRF:3
BRH:3
end_of_record
TN:
SF:src/modules/users/services/ShowProfileServices.ts
FN:11,(anonymous_18)
FN:12,ShowProfileServices
FN:17,(anonymous_20)
FNF:3
FNH:3
FNDA:1,(anonymous_18)
FNDA:2,ShowProfileServices
FNDA:2,(anonymous_20)
DA:3,1
DA:4,1
DA:11,1
DA:14,2
DA:17,2
DA:18,2
DA:19,2
DA:20,1
DA:23,1
DA:25,1
DA:27,1
LF:11
LH:11
BRDA:18,0,0,2
BRDA:19,1,0,1
BRDA:19,1,1,1
BRF:3
BRH:3
end_of_record
TN:
SF:src/modules/users/services/UpdateProfileServices.ts
FN:16,(anonymous_18)
FN:17,UpdateProfileServices
FN:25,(anonymous_20)
FNF:3
FNH:3
FNDA:1,(anonymous_18)
FNDA:6,UpdateProfileServices
FNDA:6,(anonymous_20)
DA:3,1
DA:4,1
DA:16,1
DA:19,6
DA:22,6
DA:25,1
DA:26,6
DA:27,6
DA:28,6
DA:29,6
DA:30,6
DA:32,6
DA:33,6
DA:34,1
DA:37,5
DA:39,5
DA:40,1
DA:43,4
DA:44,4
DA:46,4
DA:47,1
DA:50,4
DA:51,2
DA:56,2
DA:57,1
DA:60,1
DA:63,2
DA:65,1
DA:67,1
LF:29
LH:29
BRDA:32,0,0,6
BRDA:32,0,1,2
BRDA:33,1,0,1
BRDA:33,1,1,5
BRDA:39,2,0,1
BRDA:39,2,1,4
BRDA:39,3,0,5
BRDA:39,3,1,1
BRDA:46,4,0,1
BRDA:46,4,1,3
BRDA:46,5,0,4
BRDA:46,5,1,3
BRDA:50,6,0,1
BRDA:50,6,1,2
BRDA:50,7,0,3
BRDA:50,7,1,2
BRDA:56,8,0,1
BRDA:56,8,1,1
BRF:18
BRH:18
end_of_record
TN:
SF:src/modules/users/services/UpdateUserAvatar.ts
FN:16,(anonymous_18)
FN:17,UpdateUserAvatar
FN:25,(anonymous_20)
FNF:3
FNH:3
FNDA:1,(anonymous_18)
FNDA:3,UpdateUserAvatar
FNDA:4,(anonymous_20)
DA:5,1
DA:7,1
DA:16,1
DA:19,3
DA:22,3
DA:25,4
DA:26,4
DA:28,4
DA:29,1
DA:32,3
DA:33,1
DA:36,3
DA:38,3
DA:39,6
DA:41,3
DA:43,1
DA:45,1
LF:17
LH:17
BRDA:26,0,0,4
BRDA:28,1,0,1
BRDA:28,1,1,3
BRDA:32,2,0,1
BRDA:32,2,1,2
BRF:5
BRH:5
end_of_record
