{"/media/jose/Data/Cursos/Rocketseat/Bootcamp/new/conceitos-dev/rocketseat/backend/niv03/appgobarber/src/components/Button/index.tsx": {"path":"/media/jose/Data/Cursos/Rocketseat/Bootcamp/new/conceitos-dev/rocketseat/backend/niv03/appgobarber/src/components/Button/index.tsx","statementMap":{"0":{"start":{"line":9,"column":38},"end":{"line":13,"column":1}},"1":{"start":{"line":10,"column":2},"end":{"line":12,"column":14}}},"fnMap":{"0":{"name":"(anonymous_0)","decl":{"start":{"line":9,"column":38},"end":{"line":9,"column":39}},"loc":{"start":{"line":10,"column":2},"end":{"line":12,"column":14}},"line":10}},"branchMap":{},"s":{"0":1,"1":1},"f":{"0":1},"b":{},"_coverageSchema":"43e27e138ebf9cfc5966b082cf9a028302ed4184","hash":"83876f92f354b01755b17b4ef63ab418f88ed485"}
,"/media/jose/Data/Cursos/Rocketseat/Bootcamp/new/conceitos-dev/rocketseat/backend/niv03/appgobarber/src/components/Input/index.tsx": {"path":"/media/jose/Data/Cursos/Rocketseat/Bootcamp/new/conceitos-dev/rocketseat/backend/niv03/appgobarber/src/components/Input/index.tsx","statementMap":{"0":{"start":{"line":27,"column":65},"end":{"line":94,"column":1}},"1":{"start":{"line":31,"column":26},"end":{"line":31,"column":43}},"2":{"start":{"line":32,"column":65},"end":{"line":32,"column":79}},"3":{"start":{"line":33,"column":24},"end":{"line":33,"column":76}},"4":{"start":{"line":34,"column":36},"end":{"line":34,"column":51}},"5":{"start":{"line":35,"column":32},"end":{"line":35,"column":47}},"6":{"start":{"line":37,"column":27},"end":{"line":39,"column":8}},"7":{"start":{"line":38,"column":4},"end":{"line":38,"column":23}},"8":{"start":{"line":41,"column":26},"end":{"line":45,"column":8}},"9":{"start":{"line":42,"column":4},"end":{"line":42,"column":24}},"10":{"start":{"line":44,"column":4},"end":{"line":44,"column":46}},"11":{"start":{"line":47,"column":2},"end":{"line":51,"column":6}},"12":{"start":{"line":47,"column":34},"end":{"line":51,"column":3}},"13":{"start":{"line":49,"column":6},"end":{"line":49,"column":38}},"14":{"start":{"line":53,"column":2},"end":{"line":67,"column":33}},"15":{"start":{"line":54,"column":4},"end":{"line":66,"column":7}},"16":{"start":{"line":69,"column":2},"end":{"line":93,"column":4}},"17":{"start":{"line":83,"column":10},"end":{"line":83,"column":46}}},"fnMap":{"0":{"name":"(anonymous_0)","decl":{"start":{"line":27,"column":65},"end":{"line":27,"column":66}},"loc":{"start":{"line":30,"column":5},"end":{"line":94,"column":1}},"line":30},"1":{"name":"(anonymous_1)","decl":{"start":{"line":37,"column":39},"end":{"line":37,"column":40}},"loc":{"start":{"line":37,"column":45},"end":{"line":39,"column":3}},"line":37},"2":{"name":"(anonymous_2)","decl":{"start":{"line":41,"column":38},"end":{"line":41,"column":39}},"loc":{"start":{"line":41,"column":44},"end":{"line":45,"column":3}},"line":41},"3":{"name":"(anonymous_3)","decl":{"start":{"line":47,"column":27},"end":{"line":47,"column":28}},"loc":{"start":{"line":47,"column":34},"end":{"line":51,"column":3}},"line":47},"4":{"name":"(anonymous_4)","decl":{"start":{"line":48,"column":4},"end":{"line":48,"column":5}},"loc":{"start":{"line":48,"column":12},"end":{"line":50,"column":5}},"line":48},"5":{"name":"(anonymous_5)","decl":{"start":{"line":53,"column":12},"end":{"line":53,"column":13}},"loc":{"start":{"line":53,"column":18},"end":{"line":67,"column":3}},"line":53},"6":{"name":"(anonymous_6)","decl":{"start":{"line":82,"column":22},"end":{"line":82,"column":23}},"loc":{"start":{"line":82,"column":33},"end":{"line":84,"column":9}},"line":82}},"branchMap":{"0":{"loc":{"start":{"line":28,"column":16},"end":{"line":28,"column":36}},"type":"default-arg","locations":[{"start":{"line":28,"column":34},"end":{"line":28,"column":36}}],"line":28},"1":{"loc":{"start":{"line":32,"column":28},"end":{"line":32,"column":45}},"type":"default-arg","locations":[{"start":{"line":32,"column":43},"end":{"line":32,"column":45}}],"line":32},"2":{"loc":{"start":{"line":78,"column":15},"end":{"line":78,"column":59}},"type":"cond-expr","locations":[{"start":{"line":78,"column":38},"end":{"line":78,"column":47}},{"start":{"line":78,"column":50},"end":{"line":78,"column":59}}],"line":78},"3":{"loc":{"start":{"line":78,"column":15},"end":{"line":78,"column":35}},"type":"binary-expr","locations":[{"start":{"line":78,"column":15},"end":{"line":78,"column":24}},{"start":{"line":78,"column":28},"end":{"line":78,"column":35}}],"line":78}},"s":{"0":1,"1":2,"2":2,"3":2,"4":2,"5":2,"6":2,"7":0,"8":2,"9":0,"10":0,"11":2,"12":1,"13":0,"14":2,"15":2,"16":2,"17":0},"f":{"0":2,"1":0,"2":0,"3":1,"4":0,"5":2,"6":0},"b":{"0":[2],"1":[2],"2":[0,2],"3":[2,2]},"_coverageSchema":"43e27e138ebf9cfc5966b082cf9a028302ed4184","hash":"c176d701ad1e237f4d33f4254669f73d666dd66d"}
,"/media/jose/Data/Cursos/Rocketseat/Bootcamp/new/conceitos-dev/rocketseat/backend/niv03/appgobarber/src/hooks/auth.tsx": {"path":"/media/jose/Data/Cursos/Rocketseat/Bootcamp/new/conceitos-dev/rocketseat/backend/niv03/appgobarber/src/hooks/auth.tsx","statementMap":{"0":{"start":{"line":36,"column":20},"end":{"line":36,"column":73}},"1":{"start":{"line":38,"column":31},"end":{"line":100,"column":1}},"2":{"start":{"line":39,"column":26},"end":{"line":39,"column":62}},"3":{"start":{"line":40,"column":32},"end":{"line":40,"column":46}},"4":{"start":{"line":42,"column":2},"end":{"line":57,"column":9}},"5":{"start":{"line":44,"column":28},"end":{"line":47,"column":8}},"6":{"start":{"line":49,"column":6},"end":{"line":52,"column":7}},"7":{"start":{"line":50,"column":8},"end":{"line":50,"column":66}},"8":{"start":{"line":51,"column":8},"end":{"line":51,"column":64}},"9":{"start":{"line":53,"column":6},"end":{"line":53,"column":24}},"10":{"start":{"line":56,"column":4},"end":{"line":56,"column":22}},"11":{"start":{"line":59,"column":16},"end":{"line":74,"column":8}},"12":{"start":{"line":60,"column":17},"end":{"line":63,"column":6}},"13":{"start":{"line":65,"column":28},"end":{"line":65,"column":37}},"14":{"start":{"line":67,"column":4},"end":{"line":70,"column":7}},"15":{"start":{"line":71,"column":4},"end":{"line":71,"column":59}},"16":{"start":{"line":73,"column":4},"end":{"line":73,"column":29}},"17":{"start":{"line":76,"column":17},"end":{"line":80,"column":8}},"18":{"start":{"line":77,"column":4},"end":{"line":77,"column":74}},"19":{"start":{"line":79,"column":4},"end":{"line":79,"column":29}},"20":{"start":{"line":82,"column":21},"end":{"line":91,"column":3}},"21":{"start":{"line":84,"column":6},"end":{"line":84,"column":73}},"22":{"start":{"line":85,"column":6},"end":{"line":88,"column":9}},"23":{"start":{"line":93,"column":2},"end":{"line":99,"column":4}},"24":{"start":{"line":102,"column":16},"end":{"line":110,"column":1}},"25":{"start":{"line":103,"column":18},"end":{"line":103,"column":41}},"26":{"start":{"line":105,"column":2},"end":{"line":107,"column":3}},"27":{"start":{"line":106,"column":4},"end":{"line":106,"column":66}},"28":{"start":{"line":109,"column":2},"end":{"line":109,"column":17}}},"fnMap":{"0":{"name":"(anonymous_0)","decl":{"start":{"line":38,"column":31},"end":{"line":38,"column":32}},"loc":{"start":{"line":38,"column":49},"end":{"line":100,"column":1}},"line":38},"1":{"name":"(anonymous_1)","decl":{"start":{"line":42,"column":12},"end":{"line":42,"column":13}},"loc":{"start":{"line":42,"column":18},"end":{"line":57,"column":3}},"line":42},"2":{"name":"loadStorageDate","decl":{"start":{"line":43,"column":19},"end":{"line":43,"column":34}},"loc":{"start":{"line":43,"column":52},"end":{"line":54,"column":5}},"line":43},"3":{"name":"(anonymous_3)","decl":{"start":{"line":59,"column":28},"end":{"line":59,"column":29}},"loc":{"start":{"line":59,"column":59},"end":{"line":74,"column":3}},"line":59},"4":{"name":"(anonymous_4)","decl":{"start":{"line":76,"column":29},"end":{"line":76,"column":30}},"loc":{"start":{"line":76,"column":41},"end":{"line":80,"column":3}},"line":76},"5":{"name":"(anonymous_5)","decl":{"start":{"line":83,"column":4},"end":{"line":83,"column":5}},"loc":{"start":{"line":83,"column":26},"end":{"line":89,"column":5}},"line":83},"6":{"name":"(anonymous_6)","decl":{"start":{"line":102,"column":16},"end":{"line":102,"column":17}},"loc":{"start":{"line":102,"column":39},"end":{"line":110,"column":1}},"line":102}},"branchMap":{"0":{"loc":{"start":{"line":49,"column":6},"end":{"line":52,"column":7}},"type":"if","locations":[{"start":{"line":49,"column":6},"end":{"line":52,"column":7}},{"start":{"line":49,"column":6},"end":{"line":52,"column":7}}],"line":49},"1":{"loc":{"start":{"line":49,"column":10},"end":{"line":49,"column":29}},"type":"binary-expr","locations":[{"start":{"line":49,"column":10},"end":{"line":49,"column":18}},{"start":{"line":49,"column":22},"end":{"line":49,"column":29}}],"line":49},"2":{"loc":{"start":{"line":105,"column":2},"end":{"line":107,"column":3}},"type":"if","locations":[{"start":{"line":105,"column":2},"end":{"line":107,"column":3}},{"start":{"line":105,"column":2},"end":{"line":107,"column":3}}],"line":105}},"s":{"0":1,"1":1,"2":0,"3":0,"4":0,"5":0,"6":0,"7":0,"8":0,"9":0,"10":0,"11":0,"12":0,"13":0,"14":0,"15":0,"16":0,"17":0,"18":0,"19":0,"20":0,"21":0,"22":0,"23":0,"24":1,"25":1,"26":1,"27":0,"28":1},"f":{"0":0,"1":0,"2":0,"3":0,"4":0,"5":0,"6":1},"b":{"0":[0,0],"1":[0,0],"2":[0,1]},"_coverageSchema":"43e27e138ebf9cfc5966b082cf9a028302ed4184","hash":"51e6b4fd45e8522d42873f3719f18dec564642fa"}
,"/media/jose/Data/Cursos/Rocketseat/Bootcamp/new/conceitos-dev/rocketseat/backend/niv03/appgobarber/src/pages/AppointmentCreated/index.tsx": {"path":"/media/jose/Data/Cursos/Rocketseat/Bootcamp/new/conceitos-dev/rocketseat/backend/niv03/appgobarber/src/pages/AppointmentCreated/index.tsx","statementMap":{"0":{"start":{"line":18,"column":37},"end":{"line":53,"column":1}},"1":{"start":{"line":19,"column":20},"end":{"line":19,"column":35}},"2":{"start":{"line":20,"column":21},"end":{"line":20,"column":31}},"3":{"start":{"line":21,"column":22},"end":{"line":21,"column":43}},"4":{"start":{"line":23,"column":26},"end":{"line":32,"column":13}},"5":{"start":{"line":24,"column":4},"end":{"line":31,"column":7}},"6":{"start":{"line":34,"column":24},"end":{"line":40,"column":24}},"7":{"start":{"line":35,"column":4},"end":{"line":39,"column":6}},"8":{"start":{"line":42,"column":2},"end":{"line":52,"column":4}}},"fnMap":{"0":{"name":"(anonymous_0)","decl":{"start":{"line":18,"column":37},"end":{"line":18,"column":38}},"loc":{"start":{"line":18,"column":43},"end":{"line":53,"column":1}},"line":18},"1":{"name":"(anonymous_1)","decl":{"start":{"line":23,"column":38},"end":{"line":23,"column":39}},"loc":{"start":{"line":23,"column":44},"end":{"line":32,"column":3}},"line":23},"2":{"name":"(anonymous_2)","decl":{"start":{"line":34,"column":32},"end":{"line":34,"column":33}},"loc":{"start":{"line":34,"column":38},"end":{"line":40,"column":3}},"line":34}},"branchMap":{},"s":{"0":0,"1":0,"2":0,"3":0,"4":0,"5":0,"6":0,"7":0,"8":0},"f":{"0":0,"1":0,"2":0},"b":{},"hash":"ebd7dc4aadb162ec2921d4eba22f312c12d7d1f1"}
,"/media/jose/Data/Cursos/Rocketseat/Bootcamp/new/conceitos-dev/rocketseat/backend/niv03/appgobarber/src/pages/CreateAppointment/index.tsx": {"path":"/media/jose/Data/Cursos/Rocketseat/Bootcamp/new/conceitos-dev/rocketseat/backend/niv03/appgobarber/src/pages/CreateAppointment/index.tsx","statementMap":{"0":{"start":{"line":51,"column":36},"end":{"line":256,"column":1}},"1":{"start":{"line":52,"column":16},"end":{"line":52,"column":26}},"2":{"start":{"line":53,"column":19},"end":{"line":53,"column":28}},"3":{"start":{"line":54,"column":31},"end":{"line":54,"column":46}},"4":{"start":{"line":55,"column":25},"end":{"line":55,"column":52}},"5":{"start":{"line":56,"column":35},"end":{"line":56,"column":59}},"6":{"start":{"line":57,"column":50},"end":{"line":57,"column":70}},"7":{"start":{"line":58,"column":46},"end":{"line":58,"column":61}},"8":{"start":{"line":59,"column":42},"end":{"line":59,"column":62}},"9":{"start":{"line":60,"column":42},"end":{"line":60,"column":53}},"10":{"start":{"line":61,"column":42},"end":{"line":61,"column":74}},"11":{"start":{"line":63,"column":2},"end":{"line":75,"column":39}},"12":{"start":{"line":64,"column":4},"end":{"line":74,"column":9}},"13":{"start":{"line":73,"column":8},"end":{"line":73,"column":34}},"14":{"start":{"line":77,"column":2},"end":{"line":81,"column":9}},"15":{"start":{"line":78,"column":4},"end":{"line":80,"column":7}},"16":{"start":{"line":79,"column":6},"end":{"line":79,"column":33}},"17":{"start":{"line":83,"column":23},"end":{"line":85,"column":14}},"18":{"start":{"line":84,"column":4},"end":{"line":84,"column":13}},"19":{"start":{"line":87,"column":31},"end":{"line":89,"column":8}},"20":{"start":{"line":88,"column":4},"end":{"line":88,"column":36}},"21":{"start":{"line":91,"column":33},"end":{"line":93,"column":22}},"22":{"start":{"line":92,"column":4},"end":{"line":92,"column":39}},"23":{"start":{"line":95,"column":27},"end":{"line":103,"column":8}},"24":{"start":{"line":96,"column":4},"end":{"line":98,"column":5}},"25":{"start":{"line":97,"column":6},"end":{"line":97,"column":31}},"26":{"start":{"line":100,"column":4},"end":{"line":102,"column":5}},"27":{"start":{"line":101,"column":6},"end":{"line":101,"column":28}},"28":{"start":{"line":105,"column":30},"end":{"line":115,"column":20}},"29":{"start":{"line":106,"column":4},"end":{"line":114,"column":9}},"30":{"start":{"line":107,"column":28},"end":{"line":107,"column":37}},"31":{"start":{"line":109,"column":8},"end":{"line":113,"column":10}},"32":{"start":{"line":117,"column":32},"end":{"line":127,"column":20}},"33":{"start":{"line":118,"column":4},"end":{"line":126,"column":9}},"34":{"start":{"line":119,"column":28},"end":{"line":119,"column":38}},"35":{"start":{"line":121,"column":8},"end":{"line":125,"column":10}},"36":{"start":{"line":129,"column":27},"end":{"line":131,"column":8}},"37":{"start":{"line":130,"column":4},"end":{"line":130,"column":26}},"38":{"start":{"line":133,"column":34},"end":{"line":151,"column":62}},"39":{"start":{"line":134,"column":4},"end":{"line":150,"column":5}},"40":{"start":{"line":135,"column":19},"end":{"line":135,"column":41}},"41":{"start":{"line":136,"column":6},"end":{"line":136,"column":34}},"42":{"start":{"line":137,"column":6},"end":{"line":137,"column":25}},"43":{"start":{"line":139,"column":6},"end":{"line":142,"column":9}},"44":{"start":{"line":144,"column":6},"end":{"line":144,"column":63}},"45":{"start":{"line":146,"column":6},"end":{"line":149,"column":8}},"46":{"start":{"line":153,"column":2},"end":{"line":255,"column":4}},"47":{"start":{"line":170,"column":40},"end":{"line":170,"column":51}},"48":{"start":{"line":172,"column":14},"end":{"line":180,"column":34}},"49":{"start":{"line":173,"column":31},"end":{"line":173,"column":64}},"50":{"start":{"line":212,"column":16},"end":{"line":222,"column":23}},"51":{"start":{"line":217,"column":33},"end":{"line":217,"column":55}},"52":{"start":{"line":233,"column":18},"end":{"line":243,"column":25}},"53":{"start":{"line":238,"column":35},"end":{"line":238,"column":57}}},"fnMap":{"0":{"name":"(anonymous_0)","decl":{"start":{"line":51,"column":36},"end":{"line":51,"column":37}},"loc":{"start":{"line":51,"column":42},"end":{"line":256,"column":1}},"line":51},"1":{"name":"(anonymous_1)","decl":{"start":{"line":63,"column":12},"end":{"line":63,"column":13}},"loc":{"start":{"line":63,"column":18},"end":{"line":75,"column":3}},"line":63},"2":{"name":"(anonymous_2)","decl":{"start":{"line":72,"column":12},"end":{"line":72,"column":13}},"loc":{"start":{"line":72,"column":21},"end":{"line":74,"column":7}},"line":72},"3":{"name":"(anonymous_3)","decl":{"start":{"line":77,"column":12},"end":{"line":77,"column":13}},"loc":{"start":{"line":77,"column":18},"end":{"line":81,"column":3}},"line":77},"4":{"name":"(anonymous_4)","decl":{"start":{"line":78,"column":30},"end":{"line":78,"column":31}},"loc":{"start":{"line":78,"column":44},"end":{"line":80,"column":5}},"line":78},"5":{"name":"(anonymous_5)","decl":{"start":{"line":83,"column":35},"end":{"line":83,"column":36}},"loc":{"start":{"line":83,"column":41},"end":{"line":85,"column":3}},"line":83},"6":{"name":"(anonymous_6)","decl":{"start":{"line":87,"column":43},"end":{"line":87,"column":44}},"loc":{"start":{"line":87,"column":67},"end":{"line":89,"column":3}},"line":87},"7":{"name":"(anonymous_7)","decl":{"start":{"line":91,"column":45},"end":{"line":91,"column":46}},"loc":{"start":{"line":91,"column":51},"end":{"line":93,"column":3}},"line":91},"8":{"name":"(anonymous_8)","decl":{"start":{"line":95,"column":39},"end":{"line":95,"column":40}},"loc":{"start":{"line":95,"column":74},"end":{"line":103,"column":3}},"line":95},"9":{"name":"(anonymous_9)","decl":{"start":{"line":105,"column":38},"end":{"line":105,"column":39}},"loc":{"start":{"line":105,"column":44},"end":{"line":115,"column":3}},"line":105},"10":{"name":"(anonymous_10)","decl":{"start":{"line":107,"column":14},"end":{"line":107,"column":15}},"loc":{"start":{"line":107,"column":28},"end":{"line":107,"column":37}},"line":107},"11":{"name":"(anonymous_11)","decl":{"start":{"line":108,"column":11},"end":{"line":108,"column":12}},"loc":{"start":{"line":108,"column":36},"end":{"line":114,"column":7}},"line":108},"12":{"name":"(anonymous_12)","decl":{"start":{"line":117,"column":40},"end":{"line":117,"column":41}},"loc":{"start":{"line":117,"column":46},"end":{"line":127,"column":3}},"line":117},"13":{"name":"(anonymous_13)","decl":{"start":{"line":119,"column":14},"end":{"line":119,"column":15}},"loc":{"start":{"line":119,"column":28},"end":{"line":119,"column":38}},"line":119},"14":{"name":"(anonymous_14)","decl":{"start":{"line":120,"column":11},"end":{"line":120,"column":12}},"loc":{"start":{"line":120,"column":36},"end":{"line":126,"column":7}},"line":120},"15":{"name":"(anonymous_15)","decl":{"start":{"line":129,"column":39},"end":{"line":129,"column":40}},"loc":{"start":{"line":129,"column":57},"end":{"line":131,"column":3}},"line":129},"16":{"name":"(anonymous_16)","decl":{"start":{"line":133,"column":46},"end":{"line":133,"column":47}},"loc":{"start":{"line":133,"column":58},"end":{"line":151,"column":3}},"line":133},"17":{"name":"(anonymous_17)","decl":{"start":{"line":170,"column":26},"end":{"line":170,"column":27}},"loc":{"start":{"line":170,"column":40},"end":{"line":170,"column":51}},"line":170},"18":{"name":"(anonymous_18)","decl":{"start":{"line":171,"column":24},"end":{"line":171,"column":25}},"loc":{"start":{"line":172,"column":14},"end":{"line":180,"column":34}},"line":172},"19":{"name":"(anonymous_19)","decl":{"start":{"line":173,"column":25},"end":{"line":173,"column":26}},"loc":{"start":{"line":173,"column":31},"end":{"line":173,"column":64}},"line":173},"20":{"name":"(anonymous_20)","decl":{"start":{"line":211,"column":39},"end":{"line":211,"column":40}},"loc":{"start":{"line":212,"column":16},"end":{"line":222,"column":23}},"line":212},"21":{"name":"(anonymous_21)","decl":{"start":{"line":217,"column":27},"end":{"line":217,"column":28}},"loc":{"start":{"line":217,"column":33},"end":{"line":217,"column":55}},"line":217},"22":{"name":"(anonymous_22)","decl":{"start":{"line":232,"column":16},"end":{"line":232,"column":17}},"loc":{"start":{"line":233,"column":18},"end":{"line":243,"column":25}},"line":233},"23":{"name":"(anonymous_23)","decl":{"start":{"line":238,"column":29},"end":{"line":238,"column":30}},"loc":{"start":{"line":238,"column":35},"end":{"line":238,"column":57}},"line":238}},"branchMap":{"0":{"loc":{"start":{"line":96,"column":4},"end":{"line":98,"column":5}},"type":"if","locations":[{"start":{"line":96,"column":4},"end":{"line":98,"column":5}},{"start":{"line":96,"column":4},"end":{"line":98,"column":5}}],"line":96},"1":{"loc":{"start":{"line":100,"column":4},"end":{"line":102,"column":5}},"type":"if","locations":[{"start":{"line":100,"column":4},"end":{"line":102,"column":5}},{"start":{"line":100,"column":4},"end":{"line":102,"column":5}}],"line":100},"2":{"loc":{"start":{"line":193,"column":11},"end":{"line":202,"column":11}},"type":"binary-expr","locations":[{"start":{"line":193,"column":11},"end":{"line":193,"column":25}},{"start":{"line":194,"column":12},"end":{"line":201,"column":14}}],"line":193}},"s":{"0":0,"1":0,"2":0,"3":0,"4":0,"5":0,"6":0,"7":0,"8":0,"9":0,"10":0,"11":0,"12":0,"13":0,"14":0,"15":0,"16":0,"17":0,"18":0,"19":0,"20":0,"21":0,"22":0,"23":0,"24":0,"25":0,"26":0,"27":0,"28":0,"29":0,"30":0,"31":0,"32":0,"33":0,"34":0,"35":0,"36":0,"37":0,"38":0,"39":0,"40":0,"41":0,"42":0,"43":0,"44":0,"45":0,"46":0,"47":0,"48":0,"49":0,"50":0,"51":0,"52":0,"53":0},"f":{"0":0,"1":0,"2":0,"3":0,"4":0,"5":0,"6":0,"7":0,"8":0,"9":0,"10":0,"11":0,"12":0,"13":0,"14":0,"15":0,"16":0,"17":0,"18":0,"19":0,"20":0,"21":0,"22":0,"23":0},"b":{"0":[0,0],"1":[0,0],"2":[0,0]},"hash":"9721196fd8cdcf7145448e52dae9f2c605c41985"}
,"/media/jose/Data/Cursos/Rocketseat/Bootcamp/new/conceitos-dev/rocketseat/backend/niv03/appgobarber/src/pages/Dashboard/index.tsx": {"path":"/media/jose/Data/Cursos/Rocketseat/Bootcamp/new/conceitos-dev/rocketseat/backend/niv03/appgobarber/src/pages/Dashboard/index.tsx","statementMap":{"0":{"start":{"line":30,"column":28},"end":{"line":90,"column":1}},"1":{"start":{"line":31,"column":19},"end":{"line":31,"column":28}},"2":{"start":{"line":32,"column":35},"end":{"line":32,"column":59}},"3":{"start":{"line":33,"column":23},"end":{"line":33,"column":38}},"4":{"start":{"line":35,"column":2},"end":{"line":39,"column":9}},"5":{"start":{"line":36,"column":4},"end":{"line":38,"column":7}},"6":{"start":{"line":37,"column":6},"end":{"line":37,"column":33}},"7":{"start":{"line":41,"column":28},"end":{"line":43,"column":16}},"8":{"start":{"line":42,"column":4},"end":{"line":42,"column":24}},"9":{"start":{"line":45,"column":38},"end":{"line":50,"column":3}},"10":{"start":{"line":47,"column":6},"end":{"line":47,"column":52}},"11":{"start":{"line":52,"column":2},"end":{"line":89,"column":4}},"12":{"start":{"line":67,"column":36},"end":{"line":67,"column":47}},"13":{"start":{"line":70,"column":10},"end":{"line":85,"column":30}},"14":{"start":{"line":71,"column":27},"end":{"line":71,"column":67}}},"fnMap":{"0":{"name":"(anonymous_0)","decl":{"start":{"line":30,"column":28},"end":{"line":30,"column":29}},"loc":{"start":{"line":30,"column":34},"end":{"line":90,"column":1}},"line":30},"1":{"name":"(anonymous_1)","decl":{"start":{"line":35,"column":12},"end":{"line":35,"column":13}},"loc":{"start":{"line":35,"column":18},"end":{"line":39,"column":3}},"line":35},"2":{"name":"(anonymous_2)","decl":{"start":{"line":36,"column":30},"end":{"line":36,"column":31}},"loc":{"start":{"line":36,"column":44},"end":{"line":38,"column":5}},"line":36},"3":{"name":"(anonymous_3)","decl":{"start":{"line":41,"column":40},"end":{"line":41,"column":41}},"loc":{"start":{"line":41,"column":46},"end":{"line":43,"column":3}},"line":41},"4":{"name":"(anonymous_4)","decl":{"start":{"line":46,"column":4},"end":{"line":46,"column":5}},"loc":{"start":{"line":46,"column":28},"end":{"line":48,"column":5}},"line":46},"5":{"name":"(anonymous_5)","decl":{"start":{"line":67,"column":22},"end":{"line":67,"column":23}},"loc":{"start":{"line":67,"column":36},"end":{"line":67,"column":47}},"line":67},"6":{"name":"(anonymous_6)","decl":{"start":{"line":69,"column":20},"end":{"line":69,"column":21}},"loc":{"start":{"line":70,"column":10},"end":{"line":85,"column":30}},"line":70},"7":{"name":"(anonymous_7)","decl":{"start":{"line":71,"column":21},"end":{"line":71,"column":22}},"loc":{"start":{"line":71,"column":27},"end":{"line":71,"column":67}},"line":71}},"branchMap":{},"s":{"0":0,"1":0,"2":0,"3":0,"4":0,"5":0,"6":0,"7":0,"8":0,"9":0,"10":0,"11":0,"12":0,"13":0,"14":0},"f":{"0":0,"1":0,"2":0,"3":0,"4":0,"5":0,"6":0,"7":0},"b":{},"hash":"a14e9b9f7ddf15d3b2c6c846e811ee54f0b33c16"}
,"/media/jose/Data/Cursos/Rocketseat/Bootcamp/new/conceitos-dev/rocketseat/backend/niv03/appgobarber/src/pages/Profile/index.tsx": {"path":"/media/jose/Data/Cursos/Rocketseat/Bootcamp/new/conceitos-dev/rocketseat/backend/niv03/appgobarber/src/pages/Profile/index.tsx","statementMap":{"0":{"start":{"line":39,"column":26},"end":{"line":257,"column":1}},"1":{"start":{"line":40,"column":21},"end":{"line":40,"column":36}},"2":{"start":{"line":41,"column":18},"end":{"line":41,"column":43}},"3":{"start":{"line":42,"column":24},"end":{"line":42,"column":47}},"4":{"start":{"line":43,"column":30},"end":{"line":43,"column":53}},"5":{"start":{"line":44,"column":27},"end":{"line":44,"column":50}},"6":{"start":{"line":45,"column":34},"end":{"line":45,"column":57}},"7":{"start":{"line":46,"column":39},"end":{"line":46,"column":48}},"8":{"start":{"line":48,"column":23},"end":{"line":116,"column":3}},"9":{"start":{"line":50,"column":6},"end":{"line":113,"column":7}},"10":{"start":{"line":51,"column":8},"end":{"line":51,"column":39}},"11":{"start":{"line":52,"column":23},"end":{"line":70,"column":10}},"12":{"start":{"line":59,"column":25},"end":{"line":59,"column":37}},"13":{"start":{"line":65,"column":27},"end":{"line":65,"column":39}},"14":{"start":{"line":72,"column":8},"end":{"line":74,"column":11}},"15":{"start":{"line":82,"column":12},"end":{"line":82,"column":16}},"16":{"start":{"line":84,"column":25},"end":{"line":94,"column":9}},"17":{"start":{"line":96,"column":25},"end":{"line":96,"column":60}},"18":{"start":{"line":97,"column":8},"end":{"line":97,"column":34}},"19":{"start":{"line":99,"column":8},"end":{"line":99,"column":53}},"20":{"start":{"line":100,"column":8},"end":{"line":100,"column":28}},"21":{"start":{"line":102,"column":8},"end":{"line":107,"column":9}},"22":{"start":{"line":103,"column":25},"end":{"line":103,"column":49}},"23":{"start":{"line":104,"column":10},"end":{"line":104,"column":45}},"24":{"start":{"line":106,"column":10},"end":{"line":106,"column":17}},"25":{"start":{"line":109,"column":8},"end":{"line":112,"column":10}},"26":{"start":{"line":118,"column":23},"end":{"line":120,"column":18}},"27":{"start":{"line":119,"column":4},"end":{"line":119,"column":24}},"28":{"start":{"line":122,"column":29},"end":{"line":165,"column":27}},"29":{"start":{"line":123,"column":4},"end":{"line":164,"column":6}},"30":{"start":{"line":131,"column":8},"end":{"line":133,"column":9}},"31":{"start":{"line":132,"column":10},"end":{"line":132,"column":17}},"32":{"start":{"line":135,"column":8},"end":{"line":138,"column":9}},"33":{"start":{"line":136,"column":10},"end":{"line":136,"column":38}},"34":{"start":{"line":137,"column":10},"end":{"line":137,"column":17}},"35":{"start":{"line":140,"column":21},"end":{"line":140,"column":35}},"36":{"start":{"line":142,"column":8},"end":{"line":146,"column":11}},"37":{"start":{"line":160,"column":8},"end":{"line":162,"column":11}},"38":{"start":{"line":161,"column":10},"end":{"line":161,"column":39}},"39":{"start":{"line":167,"column":2},"end":{"line":256,"column":4}},"40":{"start":{"line":196,"column":18},"end":{"line":196,"column":49}},"41":{"start":{"line":209,"column":18},"end":{"line":209,"column":55}},"42":{"start":{"line":222,"column":18},"end":{"line":222,"column":59}},"43":{"start":{"line":234,"column":18},"end":{"line":234,"column":59}},"44":{"start":{"line":245,"column":39},"end":{"line":245,"column":68}},"45":{"start":{"line":248,"column":37},"end":{"line":248,"column":66}}},"fnMap":{"0":{"name":"(anonymous_0)","decl":{"start":{"line":39,"column":26},"end":{"line":39,"column":27}},"loc":{"start":{"line":39,"column":32},"end":{"line":257,"column":1}},"line":39},"1":{"name":"(anonymous_1)","decl":{"start":{"line":49,"column":4},"end":{"line":49,"column":5}},"loc":{"start":{"line":49,"column":37},"end":{"line":114,"column":5}},"line":49},"2":{"name":"(anonymous_2)","decl":{"start":{"line":59,"column":16},"end":{"line":59,"column":17}},"loc":{"start":{"line":59,"column":25},"end":{"line":59,"column":37}},"line":59},"3":{"name":"(anonymous_3)","decl":{"start":{"line":65,"column":18},"end":{"line":65,"column":19}},"loc":{"start":{"line":65,"column":27},"end":{"line":65,"column":39}},"line":65},"4":{"name":"(anonymous_4)","decl":{"start":{"line":118,"column":35},"end":{"line":118,"column":36}},"loc":{"start":{"line":118,"column":41},"end":{"line":120,"column":3}},"line":118},"5":{"name":"(anonymous_5)","decl":{"start":{"line":122,"column":41},"end":{"line":122,"column":42}},"loc":{"start":{"line":122,"column":47},"end":{"line":165,"column":3}},"line":122},"6":{"name":"(anonymous_6)","decl":{"start":{"line":130,"column":6},"end":{"line":130,"column":7}},"loc":{"start":{"line":130,"column":20},"end":{"line":163,"column":7}},"line":130},"7":{"name":"(anonymous_7)","decl":{"start":{"line":160,"column":46},"end":{"line":160,"column":47}},"loc":{"start":{"line":160,"column":63},"end":{"line":162,"column":9}},"line":160},"8":{"name":"(anonymous_8)","decl":{"start":{"line":195,"column":33},"end":{"line":195,"column":34}},"loc":{"start":{"line":195,"column":39},"end":{"line":197,"column":17}},"line":195},"9":{"name":"(anonymous_9)","decl":{"start":{"line":208,"column":33},"end":{"line":208,"column":34}},"loc":{"start":{"line":208,"column":39},"end":{"line":210,"column":17}},"line":208},"10":{"name":"(anonymous_10)","decl":{"start":{"line":221,"column":33},"end":{"line":221,"column":34}},"loc":{"start":{"line":221,"column":39},"end":{"line":223,"column":17}},"line":221},"11":{"name":"(anonymous_11)","decl":{"start":{"line":233,"column":33},"end":{"line":233,"column":34}},"loc":{"start":{"line":233,"column":39},"end":{"line":235,"column":17}},"line":233},"12":{"name":"(anonymous_12)","decl":{"start":{"line":245,"column":33},"end":{"line":245,"column":34}},"loc":{"start":{"line":245,"column":39},"end":{"line":245,"column":68}},"line":245},"13":{"name":"(anonymous_13)","decl":{"start":{"line":248,"column":31},"end":{"line":248,"column":32}},"loc":{"start":{"line":248,"column":37},"end":{"line":248,"column":66}},"line":248}},"branchMap":{"0":{"loc":{"start":{"line":87,"column":14},"end":{"line":93,"column":16}},"type":"cond-expr","locations":[{"start":{"line":88,"column":14},"end":{"line":92,"column":15}},{"start":{"line":93,"column":14},"end":{"line":93,"column":16}}],"line":87},"1":{"loc":{"start":{"line":102,"column":8},"end":{"line":107,"column":9}},"type":"if","locations":[{"start":{"line":102,"column":8},"end":{"line":107,"column":9}},{"start":{"line":102,"column":8},"end":{"line":107,"column":9}}],"line":102},"2":{"loc":{"start":{"line":131,"column":8},"end":{"line":133,"column":9}},"type":"if","locations":[{"start":{"line":131,"column":8},"end":{"line":133,"column":9}},{"start":{"line":131,"column":8},"end":{"line":133,"column":9}}],"line":131},"3":{"loc":{"start":{"line":135,"column":8},"end":{"line":138,"column":9}},"type":"if","locations":[{"start":{"line":135,"column":8},"end":{"line":138,"column":9}},{"start":{"line":135,"column":8},"end":{"line":138,"column":9}}],"line":135},"4":{"loc":{"start":{"line":171,"column":18},"end":{"line":171,"column":63}},"type":"cond-expr","locations":[{"start":{"line":171,"column":42},"end":{"line":171,"column":51}},{"start":{"line":171,"column":54},"end":{"line":171,"column":63}}],"line":171}},"s":{"0":0,"1":0,"2":0,"3":0,"4":0,"5":0,"6":0,"7":0,"8":0,"9":0,"10":0,"11":0,"12":0,"13":0,"14":0,"15":0,"16":0,"17":0,"18":0,"19":0,"20":0,"21":0,"22":0,"23":0,"24":0,"25":0,"26":0,"27":0,"28":0,"29":0,"30":0,"31":0,"32":0,"33":0,"34":0,"35":0,"36":0,"37":0,"38":0,"39":0,"40":0,"41":0,"42":0,"43":0,"44":0,"45":0},"f":{"0":0,"1":0,"2":0,"3":0,"4":0,"5":0,"6":0,"7":0,"8":0,"9":0,"10":0,"11":0,"12":0,"13":0},"b":{"0":[0,0],"1":[0,0],"2":[0,0],"3":[0,0],"4":[0,0]},"hash":"250b82373dc15526947eb3fcf81051cc17092344"}
,"/media/jose/Data/Cursos/Rocketseat/Bootcamp/new/conceitos-dev/rocketseat/backend/niv03/appgobarber/src/pages/SignUp/index.tsx": {"path":"/media/jose/Data/Cursos/Rocketseat/Bootcamp/new/conceitos-dev/rocketseat/backend/niv03/appgobarber/src/pages/SignUp/index.tsx","statementMap":{"0":{"start":{"line":30,"column":25},"end":{"line":139,"column":1}},"1":{"start":{"line":31,"column":21},"end":{"line":31,"column":36}},"2":{"start":{"line":32,"column":18},"end":{"line":32,"column":43}},"3":{"start":{"line":33,"column":24},"end":{"line":33,"column":47}},"4":{"start":{"line":34,"column":27},"end":{"line":34,"column":50}},"5":{"start":{"line":36,"column":23},"end":{"line":74,"column":3}},"6":{"start":{"line":38,"column":6},"end":{"line":71,"column":7}},"7":{"start":{"line":39,"column":8},"end":{"line":39,"column":39}},"8":{"start":{"line":40,"column":23},"end":{"line":46,"column":10}},"9":{"start":{"line":48,"column":8},"end":{"line":50,"column":11}},"10":{"start":{"line":52,"column":8},"end":{"line":52,"column":39}},"11":{"start":{"line":54,"column":8},"end":{"line":57,"column":10}},"12":{"start":{"line":58,"column":8},"end":{"line":58,"column":28}},"13":{"start":{"line":60,"column":8},"end":{"line":65,"column":9}},"14":{"start":{"line":61,"column":25},"end":{"line":61,"column":49}},"15":{"start":{"line":62,"column":10},"end":{"line":62,"column":45}},"16":{"start":{"line":64,"column":10},"end":{"line":64,"column":17}},"17":{"start":{"line":67,"column":8},"end":{"line":70,"column":10}},"18":{"start":{"line":76,"column":2},"end":{"line":138,"column":4}},"19":{"start":{"line":100,"column":18},"end":{"line":100,"column":49}},"20":{"start":{"line":113,"column":18},"end":{"line":113,"column":52}},"21":{"start":{"line":124,"column":39},"end":{"line":124,"column":68}},"22":{"start":{"line":126,"column":37},"end":{"line":126,"column":66}},"23":{"start":{"line":133,"column":35},"end":{"line":133,"column":54}}},"fnMap":{"0":{"name":"(anonymous_0)","decl":{"start":{"line":30,"column":25},"end":{"line":30,"column":26}},"loc":{"start":{"line":30,"column":31},"end":{"line":139,"column":1}},"line":30},"1":{"name":"(anonymous_1)","decl":{"start":{"line":37,"column":4},"end":{"line":37,"column":5}},"loc":{"start":{"line":37,"column":35},"end":{"line":72,"column":5}},"line":37},"2":{"name":"(anonymous_2)","decl":{"start":{"line":99,"column":33},"end":{"line":99,"column":34}},"loc":{"start":{"line":99,"column":39},"end":{"line":101,"column":17}},"line":99},"3":{"name":"(anonymous_3)","decl":{"start":{"line":112,"column":33},"end":{"line":112,"column":34}},"loc":{"start":{"line":112,"column":39},"end":{"line":114,"column":17}},"line":112},"4":{"name":"(anonymous_4)","decl":{"start":{"line":124,"column":33},"end":{"line":124,"column":34}},"loc":{"start":{"line":124,"column":39},"end":{"line":124,"column":68}},"line":124},"5":{"name":"(anonymous_5)","decl":{"start":{"line":126,"column":31},"end":{"line":126,"column":32}},"loc":{"start":{"line":126,"column":37},"end":{"line":126,"column":66}},"line":126},"6":{"name":"(anonymous_6)","decl":{"start":{"line":133,"column":29},"end":{"line":133,"column":30}},"loc":{"start":{"line":133,"column":35},"end":{"line":133,"column":54}},"line":133}},"branchMap":{"0":{"loc":{"start":{"line":60,"column":8},"end":{"line":65,"column":9}},"type":"if","locations":[{"start":{"line":60,"column":8},"end":{"line":65,"column":9}},{"start":{"line":60,"column":8},"end":{"line":65,"column":9}}],"line":60},"1":{"loc":{"start":{"line":80,"column":18},"end":{"line":80,"column":63}},"type":"cond-expr","locations":[{"start":{"line":80,"column":42},"end":{"line":80,"column":51}},{"start":{"line":80,"column":54},"end":{"line":80,"column":63}}],"line":80}},"s":{"0":0,"1":0,"2":0,"3":0,"4":0,"5":0,"6":0,"7":0,"8":0,"9":0,"10":0,"11":0,"12":0,"13":0,"14":0,"15":0,"16":0,"17":0,"18":0,"19":0,"20":0,"21":0,"22":0,"23":0},"f":{"0":0,"1":0,"2":0,"3":0,"4":0,"5":0,"6":0},"b":{"0":[0,0],"1":[0,0]},"hash":"715100606718d4703cc23ee7d5875c3dc4ba20ea"}
,"/media/jose/Data/Cursos/Rocketseat/Bootcamp/new/conceitos-dev/rocketseat/backend/niv03/appgobarber/src/pages/Signin/index.tsx": {"path":"/media/jose/Data/Cursos/Rocketseat/Bootcamp/new/conceitos-dev/rocketseat/backend/niv03/appgobarber/src/pages/Signin/index.tsx","statementMap":{"0":{"start":{"line":37,"column":25},"end":{"line":145,"column":1}},"1":{"start":{"line":38,"column":22},"end":{"line":38,"column":37}},"2":{"start":{"line":39,"column":18},"end":{"line":39,"column":43}},"3":{"start":{"line":40,"column":27},"end":{"line":40,"column":50}},"4":{"start":{"line":41,"column":26},"end":{"line":41,"column":35}},"5":{"start":{"line":43,"column":23},"end":{"line":79,"column":3}},"6":{"start":{"line":45,"column":6},"end":{"line":76,"column":7}},"7":{"start":{"line":46,"column":8},"end":{"line":46,"column":39}},"8":{"start":{"line":47,"column":23},"end":{"line":52,"column":10}},"9":{"start":{"line":54,"column":8},"end":{"line":56,"column":11}},"10":{"start":{"line":58,"column":8},"end":{"line":61,"column":11}},"11":{"start":{"line":65,"column":8},"end":{"line":70,"column":9}},"12":{"start":{"line":66,"column":25},"end":{"line":66,"column":49}},"13":{"start":{"line":67,"column":10},"end":{"line":67,"column":45}},"14":{"start":{"line":69,"column":10},"end":{"line":69,"column":17}},"15":{"start":{"line":72,"column":8},"end":{"line":75,"column":10}},"16":{"start":{"line":80,"column":2},"end":{"line":144,"column":4}},"17":{"start":{"line":106,"column":18},"end":{"line":106,"column":52}},"18":{"start":{"line":117,"column":18},"end":{"line":117,"column":48}},"19":{"start":{"line":122,"column":18},"end":{"line":122,"column":48}},"20":{"start":{"line":131,"column":16},"end":{"line":131,"column":32}},"21":{"start":{"line":139,"column":42},"end":{"line":139,"column":72}}},"fnMap":{"0":{"name":"(anonymous_0)","decl":{"start":{"line":37,"column":25},"end":{"line":37,"column":26}},"loc":{"start":{"line":37,"column":31},"end":{"line":145,"column":1}},"line":37},"1":{"name":"(anonymous_1)","decl":{"start":{"line":44,"column":4},"end":{"line":44,"column":5}},"loc":{"start":{"line":44,"column":35},"end":{"line":77,"column":5}},"line":44},"2":{"name":"(anonymous_2)","decl":{"start":{"line":105,"column":33},"end":{"line":105,"column":34}},"loc":{"start":{"line":105,"column":39},"end":{"line":107,"column":17}},"line":105},"3":{"name":"(anonymous_3)","decl":{"start":{"line":116,"column":33},"end":{"line":116,"column":34}},"loc":{"start":{"line":116,"column":39},"end":{"line":118,"column":17}},"line":116},"4":{"name":"(anonymous_4)","decl":{"start":{"line":121,"column":25},"end":{"line":121,"column":26}},"loc":{"start":{"line":121,"column":31},"end":{"line":123,"column":17}},"line":121},"5":{"name":"(anonymous_5)","decl":{"start":{"line":130,"column":23},"end":{"line":130,"column":24}},"loc":{"start":{"line":130,"column":29},"end":{"line":132,"column":15}},"line":130},"6":{"name":"(anonymous_6)","decl":{"start":{"line":139,"column":36},"end":{"line":139,"column":37}},"loc":{"start":{"line":139,"column":42},"end":{"line":139,"column":72}},"line":139}},"branchMap":{"0":{"loc":{"start":{"line":65,"column":8},"end":{"line":70,"column":9}},"type":"if","locations":[{"start":{"line":65,"column":8},"end":{"line":70,"column":9}},{"start":{"line":65,"column":8},"end":{"line":70,"column":9}}],"line":65},"1":{"loc":{"start":{"line":84,"column":18},"end":{"line":84,"column":63}},"type":"cond-expr","locations":[{"start":{"line":84,"column":42},"end":{"line":84,"column":51}},{"start":{"line":84,"column":54},"end":{"line":84,"column":63}}],"line":84}},"s":{"0":1,"1":1,"2":1,"3":1,"4":1,"5":1,"6":0,"7":0,"8":0,"9":0,"10":0,"11":0,"12":0,"13":0,"14":0,"15":0,"16":1,"17":0,"18":0,"19":0,"20":0,"21":0},"f":{"0":1,"1":0,"2":0,"3":0,"4":0,"5":0,"6":0},"b":{"0":[0,0],"1":[1,0]},"_coverageSchema":"43e27e138ebf9cfc5966b082cf9a028302ed4184","hash":"dc9cfc5734ae12e39fe71113696dc05460673ec6"}
}
