TN:
SF:/media/jose/Data/Cursos/Rocketseat/Bootcamp/new/conceitos-dev/rocketseat/backend/niv03/appgobarber/src/components/Button/index.tsx
FN:9,(anonymous_0)
FNF:1
FNH:1
FNDA:1,(anonymous_0)
DA:9,1
DA:10,1
LF:2
LH:2
BRF:0
BRH:0
end_of_record
TN:
SF:/media/jose/Data/Cursos/Rocketseat/Bootcamp/new/conceitos-dev/rocketseat/backend/niv03/appgobarber/src/components/Input/index.tsx
FN:27,(anonymous_0)
FN:37,(anonymous_1)
FN:41,(anonymous_2)
FN:47,(anonymous_3)
FN:48,(anonymous_4)
FN:53,(anonymous_5)
FN:82,(anonymous_6)
FNF:7
FNH:3
FNDA:2,(anonymous_0)
FNDA:0,(anonymous_1)
FNDA:0,(anonymous_2)
FNDA:1,(anonymous_3)
FNDA:0,(anonymous_4)
FNDA:2,(anonymous_5)
FNDA:0,(anonymous_6)
DA:27,1
DA:31,2
DA:32,2
DA:33,2
DA:34,2
DA:35,2
DA:37,2
DA:38,0
DA:41,2
DA:42,0
DA:44,0
DA:47,2
DA:49,0
DA:53,2
DA:54,2
DA:69,2
DA:83,0
LF:17
LH:12
BRDA:28,0,0,2
BRDA:32,1,0,2
BRDA:78,2,0,0
BRDA:78,2,1,2
BRDA:78,3,0,2
BRDA:78,3,1,2
BRF:6
BRH:5
end_of_record
TN:
SF:/media/jose/Data/Cursos/Rocketseat/Bootcamp/new/conceitos-dev/rocketseat/backend/niv03/appgobarber/src/hooks/auth.tsx
FN:38,(anonymous_0)
FN:42,(anonymous_1)
FN:43,loadStorageDate
FN:59,(anonymous_3)
FN:76,(anonymous_4)
FN:83,(anonymous_5)
FN:102,(anonymous_6)
FNF:7
FNH:1
FNDA:0,(anonymous_0)
FNDA:0,(anonymous_1)
FNDA:0,loadStorageDate
FNDA:0,(anonymous_3)
FNDA:0,(anonymous_4)
FNDA:0,(anonymous_5)
FNDA:1,(anonymous_6)
DA:36,1
DA:38,1
DA:39,0
DA:40,0
DA:42,0
DA:44,0
DA:49,0
DA:50,0
DA:51,0
DA:53,0
DA:56,0
DA:59,0
DA:60,0
DA:65,0
DA:67,0
DA:71,0
DA:73,0
DA:76,0
DA:77,0
DA:79,0
DA:82,0
DA:84,0
DA:85,0
DA:93,0
DA:102,1
DA:103,1
DA:105,1
DA:106,0
DA:109,1
LF:29
LH:6
BRDA:49,0,0,0
BRDA:49,0,1,0
BRDA:49,1,0,0
BRDA:49,1,1,0
BRDA:105,2,0,0
BRDA:105,2,1,1
BRF:6
BRH:1
end_of_record
TN:
SF:/media/jose/Data/Cursos/Rocketseat/Bootcamp/new/conceitos-dev/rocketseat/backend/niv03/appgobarber/src/pages/AppointmentCreated/index.tsx
FN:18,(anonymous_0)
FN:23,(anonymous_1)
FN:34,(anonymous_2)
FNF:3
FNH:0
FNDA:0,(anonymous_0)
FNDA:0,(anonymous_1)
FNDA:0,(anonymous_2)
DA:18,0
DA:19,0
DA:20,0
DA:21,0
DA:23,0
DA:24,0
DA:34,0
DA:35,0
DA:42,0
LF:9
LH:0
BRF:0
BRH:0
end_of_record
TN:
SF:/media/jose/Data/Cursos/Rocketseat/Bootcamp/new/conceitos-dev/rocketseat/backend/niv03/appgobarber/src/pages/CreateAppointment/index.tsx
FN:51,(anonymous_0)
FN:63,(anonymous_1)
FN:72,(anonymous_2)
FN:77,(anonymous_3)
FN:78,(anonymous_4)
FN:83,(anonymous_5)
FN:87,(anonymous_6)
FN:91,(anonymous_7)
FN:95,(anonymous_8)
FN:105,(anonymous_9)
FN:107,(anonymous_10)
FN:108,(anonymous_11)
FN:117,(anonymous_12)
FN:119,(anonymous_13)
FN:120,(anonymous_14)
FN:129,(anonymous_15)
FN:133,(anonymous_16)
FN:170,(anonymous_17)
FN:171,(anonymous_18)
FN:173,(anonymous_19)
FN:211,(anonymous_20)
FN:217,(anonymous_21)
FN:232,(anonymous_22)
FN:238,(anonymous_23)
FNF:24
FNH:0
FNDA:0,(anonymous_0)
FNDA:0,(anonymous_1)
FNDA:0,(anonymous_2)
FNDA:0,(anonymous_3)
FNDA:0,(anonymous_4)
FNDA:0,(anonymous_5)
FNDA:0,(anonymous_6)
FNDA:0,(anonymous_7)
FNDA:0,(anonymous_8)
FNDA:0,(anonymous_9)
FNDA:0,(anonymous_10)
FNDA:0,(anonymous_11)
FNDA:0,(anonymous_12)
FNDA:0,(anonymous_13)
FNDA:0,(anonymous_14)
FNDA:0,(anonymous_15)
FNDA:0,(anonymous_16)
FNDA:0,(anonymous_17)
FNDA:0,(anonymous_18)
FNDA:0,(anonymous_19)
FNDA:0,(anonymous_20)
FNDA:0,(anonymous_21)
FNDA:0,(anonymous_22)
FNDA:0,(anonymous_23)
DA:51,0
DA:52,0
DA:53,0
DA:54,0
DA:55,0
DA:56,0
DA:57,0
DA:58,0
DA:59,0
DA:60,0
DA:61,0
DA:63,0
DA:64,0
DA:73,0
DA:77,0
DA:78,0
DA:79,0
DA:83,0
DA:84,0
DA:87,0
DA:88,0
DA:91,0
DA:92,0
DA:95,0
DA:96,0
DA:97,0
DA:100,0
DA:101,0
DA:105,0
DA:106,0
DA:107,0
DA:109,0
DA:117,0
DA:118,0
DA:119,0
DA:121,0
DA:129,0
DA:130,0
DA:133,0
DA:134,0
DA:135,0
DA:136,0
DA:137,0
DA:139,0
DA:144,0
DA:146,0
DA:153,0
DA:170,0
DA:172,0
DA:173,0
DA:212,0
DA:217,0
DA:233,0
DA:238,0
LF:54
LH:0
BRDA:96,0,0,0
BRDA:96,0,1,0
BRDA:100,1,0,0
BRDA:100,1,1,0
BRDA:193,2,0,0
BRDA:193,2,1,0
BRF:6
BRH:0
end_of_record
TN:
SF:/media/jose/Data/Cursos/Rocketseat/Bootcamp/new/conceitos-dev/rocketseat/backend/niv03/appgobarber/src/pages/Dashboard/index.tsx
FN:30,(anonymous_0)
FN:35,(anonymous_1)
FN:36,(anonymous_2)
FN:41,(anonymous_3)
FN:46,(anonymous_4)
FN:67,(anonymous_5)
FN:69,(anonymous_6)
FN:71,(anonymous_7)
FNF:8
FNH:0
FNDA:0,(anonymous_0)
FNDA:0,(anonymous_1)
FNDA:0,(anonymous_2)
FNDA:0,(anonymous_3)
FNDA:0,(anonymous_4)
FNDA:0,(anonymous_5)
FNDA:0,(anonymous_6)
FNDA:0,(anonymous_7)
DA:30,0
DA:31,0
DA:32,0
DA:33,0
DA:35,0
DA:36,0
DA:37,0
DA:41,0
DA:42,0
DA:45,0
DA:47,0
DA:52,0
DA:67,0
DA:70,0
DA:71,0
LF:15
LH:0
BRF:0
BRH:0
end_of_record
TN:
SF:/media/jose/Data/Cursos/Rocketseat/Bootcamp/new/conceitos-dev/rocketseat/backend/niv03/appgobarber/src/pages/Profile/index.tsx
FN:39,(anonymous_0)
FN:49,(anonymous_1)
FN:59,(anonymous_2)
FN:65,(anonymous_3)
FN:118,(anonymous_4)
FN:122,(anonymous_5)
FN:130,(anonymous_6)
FN:160,(anonymous_7)
FN:195,(anonymous_8)
FN:208,(anonymous_9)
FN:221,(anonymous_10)
FN:233,(anonymous_11)
FN:245,(anonymous_12)
FN:248,(anonymous_13)
FNF:14
FNH:0
FNDA:0,(anonymous_0)
FNDA:0,(anonymous_1)
FNDA:0,(anonymous_2)
FNDA:0,(anonymous_3)
FNDA:0,(anonymous_4)
FNDA:0,(anonymous_5)
FNDA:0,(anonymous_6)
FNDA:0,(anonymous_7)
FNDA:0,(anonymous_8)
FNDA:0,(anonymous_9)
FNDA:0,(anonymous_10)
FNDA:0,(anonymous_11)
FNDA:0,(anonymous_12)
FNDA:0,(anonymous_13)
DA:39,0
DA:40,0
DA:41,0
DA:42,0
DA:43,0
DA:44,0
DA:45,0
DA:46,0
DA:48,0
DA:50,0
DA:51,0
DA:52,0
DA:59,0
DA:65,0
DA:72,0
DA:82,0
DA:84,0
DA:96,0
DA:97,0
DA:99,0
DA:100,0
DA:102,0
DA:103,0
DA:104,0
DA:106,0
DA:109,0
DA:118,0
DA:119,0
DA:122,0
DA:123,0
DA:131,0
DA:132,0
DA:135,0
DA:136,0
DA:137,0
DA:140,0
DA:142,0
DA:160,0
DA:161,0
DA:167,0
DA:196,0
DA:209,0
DA:222,0
DA:234,0
DA:245,0
DA:248,0
LF:46
LH:0
BRDA:87,0,0,0
BRDA:87,0,1,0
BRDA:102,1,0,0
BRDA:102,1,1,0
BRDA:131,2,0,0
BRDA:131,2,1,0
BRDA:135,3,0,0
BRDA:135,3,1,0
BRDA:171,4,0,0
BRDA:171,4,1,0
BRF:10
BRH:0
end_of_record
TN:
SF:/media/jose/Data/Cursos/Rocketseat/Bootcamp/new/conceitos-dev/rocketseat/backend/niv03/appgobarber/src/pages/SignUp/index.tsx
FN:30,(anonymous_0)
FN:37,(anonymous_1)
FN:99,(anonymous_2)
FN:112,(anonymous_3)
FN:124,(anonymous_4)
FN:126,(anonymous_5)
FN:133,(anonymous_6)
FNF:7
FNH:0
FNDA:0,(anonymous_0)
FNDA:0,(anonymous_1)
FNDA:0,(anonymous_2)
FNDA:0,(anonymous_3)
FNDA:0,(anonymous_4)
FNDA:0,(anonymous_5)
FNDA:0,(anonymous_6)
DA:30,0
DA:31,0
DA:32,0
DA:33,0
DA:34,0
DA:36,0
DA:38,0
DA:39,0
DA:40,0
DA:48,0
DA:52,0
DA:54,0
DA:58,0
DA:60,0
DA:61,0
DA:62,0
DA:64,0
DA:67,0
DA:76,0
DA:100,0
DA:113,0
DA:124,0
DA:126,0
DA:133,0
LF:24
LH:0
BRDA:60,0,0,0
BRDA:60,0,1,0
BRDA:80,1,0,0
BRDA:80,1,1,0
BRF:4
BRH:0
end_of_record
TN:
SF:/media/jose/Data/Cursos/Rocketseat/Bootcamp/new/conceitos-dev/rocketseat/backend/niv03/appgobarber/src/pages/Signin/index.tsx
FN:37,(anonymous_0)
FN:44,(anonymous_1)
FN:105,(anonymous_2)
FN:116,(anonymous_3)
FN:121,(anonymous_4)
FN:130,(anonymous_5)
FN:139,(anonymous_6)
FNF:7
FNH:1
FNDA:1,(anonymous_0)
FNDA:0,(anonymous_1)
FNDA:0,(anonymous_2)
FNDA:0,(anonymous_3)
FNDA:0,(anonymous_4)
FNDA:0,(anonymous_5)
FNDA:0,(anonymous_6)
DA:37,1
DA:38,1
DA:39,1
DA:40,1
DA:41,1
DA:43,1
DA:45,0
DA:46,0
DA:47,0
DA:54,0
DA:58,0
DA:65,0
DA:66,0
DA:67,0
DA:69,0
DA:72,0
DA:80,1
DA:106,0
DA:117,0
DA:122,0
DA:131,0
DA:139,0
LF:22
LH:7
BRDA:65,0,0,0
BRDA:65,0,1,0
BRDA:84,1,0,1
BRDA:84,1,1,0
BRF:4
BRH:1
end_of_record
